2015-05-07 13:06:33.5815 TRACE A trace
2015-05-07 13:06:33.6075 DEBUG A Debug
2015-05-07 13:06:33.6075 INFO A Info
2015-05-07 13:06:33.6075 WARN A Warn
2015-05-07 13:06:33.6075 ERROR A Error
2015-05-07 13:06:33.6075 FATAL A Fatal
2015-05-07 13:07:23.5991 TRACE A trace
2015-05-07 13:07:23.6060 DEBUG A Debug
2015-05-07 13:07:23.6171 INFO A Info
2015-05-07 13:07:23.7291 WARN A Warn
2015-05-07 13:07:23.7291 ERROR A Error
2015-05-07 13:07:23.7291 FATAL A Fatal
2015-05-07 13:07:35.3792 TRACE A trace
2015-05-07 13:07:35.3852 DEBUG A Debug
2015-05-07 13:07:35.3982 INFO A Info
2015-05-07 13:07:35.5144 WARN A Warn
2015-05-07 13:07:35.5144 ERROR A Error
2015-05-07 13:07:35.5144 FATAL A Fatal
2015-05-07 16:12:09.9425 TRACE A trace
2015-05-07 16:12:09.9485 DEBUG A Debug
2015-05-07 16:12:09.9605 INFO A Info
2015-05-07 16:12:10.0695 WARN A Warn
2015-05-07 16:12:10.0695 ERROR A Error
2015-05-07 16:12:10.0695 FATAL A Fatal
2015-05-07 22:00:50.7218 INFO Deneme
